<?xml version="1.0" encoding="UTF-8"?>
<!-- Generated by org.testng.reporters.JUnitReportReporter -->
<testsuite hostname="IE11Win7" name="test01.TestTest" tests="1" failures="0" timestamp="23 Oct 2016 20:49:55 GMT" time="0.008" errors="0">
  <testcase name="testPrint" time="0.008" classname="test01.TestTest"/>
</testsuite> <!-- test01.TestTest -->
